{"total": {"lines":{"total":1594,"covered":880,"skipped":0,"pct":55.2},"statements":{"total":1689,"covered":917,"skipped":0,"pct":54.29},"functions":{"total":384,"covered":167,"skipped":0,"pct":43.48},"branches":{"total":1441,"covered":583,"skipped":0,"pct":40.45},"branchesTrue":{"total":0,"covered":0,"skipped":0,"pct":100}}
,"C:\\Users\\Selet\\source\\repos\\mem0\\mem0\\mem0-ts\\src\\oss\\src\\index.ts": {"lines":{"total":32,"covered":32,"skipped":0,"pct":100},"functions":{"total":0,"covered":0,"skipped":0,"pct":100},"statements":{"total":32,"covered":32,"skipped":0,"pct":100},"branches":{"total":0,"covered":0,"skipped":0,"pct":100}}
,"C:\\Users\\Selet\\source\\repos\\mem0\\mem0\\mem0-ts\\src\\oss\\src\\config\\defaults.ts": {"lines":{"total":1,"covered":1,"skipped":0,"pct":100},"functions":{"total":0,"covered":0,"skipped":0,"pct":100},"statements":{"total":1,"covered":1,"skipped":0,"pct":100},"branches":{"total":16,"covered":16,"skipped":0,"pct":100}}
,"C:\\Users\\Selet\\source\\repos\\mem0\\mem0\\mem0-ts\\src\\oss\\src\\config\\manager.ts": {"lines":{"total":26,"covered":23,"skipped":0,"pct":88.46},"functions":{"total":4,"covered":4,"skipped":0,"pct":100},"statements":{"total":26,"covered":23,"skipped":0,"pct":88.46},"branches":{"total":131,"covered":94,"skipped":0,"pct":71.75}}
,"C:\\Users\\Selet\\source\\repos\\mem0\\mem0\\mem0-ts\\src\\oss\\src\\embeddings\\azure.ts": {"lines":{"total":12,"covered":7,"skipped":0,"pct":58.33},"functions":{"total":4,"covered":1,"skipped":0,"pct":25},"statements":{"total":13,"covered":7,"skipped":0,"pct":53.84},"branches":{"total":11,"covered":7,"skipped":0,"pct":63.63}}
,"C:\\Users\\Selet\\source\\repos\\mem0\\mem0\\mem0-ts\\src\\oss\\src\\embeddings\\google.ts": {"lines":{"total":9,"covered":5,"skipped":0,"pct":55.55},"functions":{"total":4,"covered":1,"skipped":0,"pct":25},"statements":{"total":10,"covered":5,"skipped":0,"pct":50},"branches":{"total":6,"covered":3,"skipped":0,"pct":50}}
,"C:\\Users\\Selet\\source\\repos\\mem0\\mem0\\mem0-ts\\src\\oss\\src\\embeddings\\langchain.ts": {"lines":{"total":15,"covered":1,"skipped":0,"pct":6.66},"functions":{"total":3,"covered":0,"skipped":0,"pct":0},"statements":{"total":15,"covered":1,"skipped":0,"pct":6.66},"branches":{"total":6,"covered":0,"skipped":0,"pct":0}}
,"C:\\Users\\Selet\\source\\repos\\mem0\\mem0\\mem0-ts\\src\\oss\\src\\embeddings\\lmstudio.ts": {"lines":{"total":12,"covered":12,"skipped":0,"pct":100},"functions":{"total":5,"covered":5,"skipped":0,"pct":100},"statements":{"total":14,"covered":14,"skipped":0,"pct":100},"branches":{"total":18,"covered":18,"skipped":0,"pct":100}}
,"C:\\Users\\Selet\\source\\repos\\mem0\\mem0\\mem0-ts\\src\\oss\\src\\embeddings\\ollama.ts": {"lines":{"total":24,"covered":15,"skipped":0,"pct":62.5},"functions":{"total":7,"covered":2,"skipped":0,"pct":28.57},"statements":{"total":26,"covered":15,"skipped":0,"pct":57.69},"branches":{"total":8,"covered":5,"skipped":0,"pct":62.5}}
,"C:\\Users\\Selet\\source\\repos\\mem0\\mem0\\mem0-ts\\src\\oss\\src\\embeddings\\openai.ts": {"lines":{"total":9,"covered":9,"skipped":0,"pct":100},"functions":{"total":4,"covered":4,"skipped":0,"pct":100},"statements":{"total":10,"covered":10,"skipped":0,"pct":100},"branches":{"total":4,"covered":4,"skipped":0,"pct":100}}
,"C:\\Users\\Selet\\source\\repos\\mem0\\mem0\\mem0-ts\\src\\oss\\src\\graph_stores\\index.ts": {"lines":{"total":3,"covered":3,"skipped":0,"pct":100},"functions":{"total":0,"covered":0,"skipped":0,"pct":100},"statements":{"total":3,"covered":3,"skipped":0,"pct":100},"branches":{"total":0,"covered":0,"skipped":0,"pct":100}}
,"C:\\Users\\Selet\\source\\repos\\mem0\\mem0\\mem0-ts\\src\\oss\\src\\graph_stores\\kuzu.ts": {"lines":{"total":135,"covered":134,"skipped":0,"pct":99.25},"functions":{"total":23,"covered":21,"skipped":0,"pct":91.3},"statements":{"total":144,"covered":141,"skipped":0,"pct":97.91},"branches":{"total":79,"covered":54,"skipped":0,"pct":68.35}}
,"C:\\Users\\Selet\\source\\repos\\mem0\\mem0\\mem0-ts\\src\\oss\\src\\graph_stores\\memgraph.ts": {"lines":{"total":105,"covered":3,"skipped":0,"pct":2.85},"functions":{"total":36,"covered":0,"skipped":0,"pct":0},"statements":{"total":113,"covered":3,"skipped":0,"pct":2.65},"branches":{"total":148,"covered":0,"skipped":0,"pct":0}}
,"C:\\Users\\Selet\\source\\repos\\mem0\\mem0\\mem0-ts\\src\\oss\\src\\graphs\\tools.ts": {"lines":{"total":11,"covered":11,"skipped":0,"pct":100},"functions":{"total":0,"covered":0,"skipped":0,"pct":100},"statements":{"total":11,"covered":11,"skipped":0,"pct":100},"branches":{"total":0,"covered":0,"skipped":0,"pct":100}}
,"C:\\Users\\Selet\\source\\repos\\mem0\\mem0\\mem0-ts\\src\\oss\\src\\graphs\\utils.ts": {"lines":{"total":8,"covered":5,"skipped":0,"pct":62.5},"functions":{"total":3,"covered":0,"skipped":0,"pct":0},"statements":{"total":8,"covered":5,"skipped":0,"pct":62.5},"branches":{"total":0,"covered":0,"skipped":0,"pct":100}}
,"C:\\Users\\Selet\\source\\repos\\mem0\\mem0\\mem0-ts\\src\\oss\\src\\llms\\anthropic.ts": {"lines":{"total":17,"covered":6,"skipped":0,"pct":35.29},"functions":{"total":6,"covered":1,"skipped":0,"pct":16.66},"statements":{"total":19,"covered":6,"skipped":0,"pct":31.57},"branches":{"total":15,"covered":2,"skipped":0,"pct":13.33}}
,"C:\\Users\\Selet\\source\\repos\\mem0\\mem0\\mem0-ts\\src\\oss\\src\\llms\\azure.ts": {"lines":{"total":20,"covered":6,"skipped":0,"pct":30},"functions":{"total":6,"covered":1,"skipped":0,"pct":16.66},"statements":{"total":20,"covered":6,"skipped":0,"pct":30},"branches":{"total":34,"covered":12,"skipped":0,"pct":35.29}}
,"C:\\Users\\Selet\\source\\repos\\mem0\\mem0\\mem0-ts\\src\\oss\\src\\llms\\deepseek.ts": {"lines":{"total":17,"covered":15,"skipped":0,"pct":88.23},"functions":{"total":5,"covered":4,"skipped":0,"pct":80},"statements":{"total":17,"covered":15,"skipped":0,"pct":88.23},"branches":{"total":38,"covered":31,"skipped":0,"pct":81.57}}
,"C:\\Users\\Selet\\source\\repos\\mem0\\mem0\\mem0-ts\\src\\oss\\src\\llms\\google.ts": {"lines":{"total":11,"covered":4,"skipped":0,"pct":36.36},"functions":{"total":4,"covered":1,"skipped":0,"pct":25},"statements":{"total":11,"covered":4,"skipped":0,"pct":36.36},"branches":{"total":14,"covered":1,"skipped":0,"pct":7.14}}
,"C:\\Users\\Selet\\source\\repos\\mem0\\mem0\\mem0-ts\\src\\oss\\src\\llms\\groq.ts": {"lines":{"total":14,"covered":6,"skipped":0,"pct":42.85},"functions":{"total":5,"covered":1,"skipped":0,"pct":20},"statements":{"total":14,"covered":6,"skipped":0,"pct":42.85},"branches":{"total":13,"covered":2,"skipped":0,"pct":15.38}}
,"C:\\Users\\Selet\\source\\repos\\mem0\\mem0\\mem0-ts\\src\\oss\\src\\llms\\langchain.ts": {"lines":{"total":83,"covered":5,"skipped":0,"pct":6.02},"functions":{"total":10,"covered":0,"skipped":0,"pct":0},"statements":{"total":88,"covered":5,"skipped":0,"pct":5.68},"branches":{"total":169,"covered":0,"skipped":0,"pct":0}}
,"C:\\Users\\Selet\\source\\repos\\mem0\\mem0\\mem0-ts\\src\\oss\\src\\llms\\lmstudio.ts": {"lines":{"total":16,"covered":14,"skipped":0,"pct":87.5},"functions":{"total":5,"covered":4,"skipped":0,"pct":80},"statements":{"total":16,"covered":14,"skipped":0,"pct":87.5},"branches":{"total":39,"covered":34,"skipped":0,"pct":87.17}}
,"C:\\Users\\Selet\\source\\repos\\mem0\\mem0\\mem0-ts\\src\\oss\\src\\llms\\mistral.ts": {"lines":{"total":31,"covered":2,"skipped":0,"pct":6.45},"functions":{"total":8,"covered":0,"skipped":0,"pct":0},"statements":{"total":32,"covered":2,"skipped":0,"pct":6.25},"branches":{"total":35,"covered":0,"skipped":0,"pct":0}}
,"C:\\Users\\Selet\\source\\repos\\mem0\\mem0\\mem0-ts\\src\\oss\\src\\llms\\ollama.ts": {"lines":{"total":35,"covered":14,"skipped":0,"pct":40},"functions":{"total":9,"covered":2,"skipped":0,"pct":22.22},"statements":{"total":36,"covered":14,"skipped":0,"pct":38.88},"branches":{"total":29,"covered":7,"skipped":0,"pct":24.13}}
,"C:\\Users\\Selet\\source\\repos\\mem0\\mem0\\mem0-ts\\src\\oss\\src\\llms\\openai.ts": {"lines":{"total":17,"covered":17,"skipped":0,"pct":100},"functions":{"total":6,"covered":6,"skipped":0,"pct":100},"statements":{"total":17,"covered":17,"skipped":0,"pct":100},"branches":{"total":15,"covered":11,"skipped":0,"pct":73.33}}
,"C:\\Users\\Selet\\source\\repos\\mem0\\mem0\\mem0-ts\\src\\oss\\src\\llms\\openai_structured.ts": {"lines":{"total":16,"covered":4,"skipped":0,"pct":25},"functions":{"total":7,"covered":1,"skipped":0,"pct":14.28},"statements":{"total":16,"covered":4,"skipped":0,"pct":25},"branches":{"total":17,"covered":1,"skipped":0,"pct":5.88}}
,"C:\\Users\\Selet\\source\\repos\\mem0\\mem0\\mem0-ts\\src\\oss\\src\\llms\\together.ts": {"lines":{"total":17,"covered":15,"skipped":0,"pct":88.23},"functions":{"total":5,"covered":4,"skipped":0,"pct":80},"statements":{"total":17,"covered":15,"skipped":0,"pct":88.23},"branches":{"total":34,"covered":27,"skipped":0,"pct":79.41}}
,"C:\\Users\\Selet\\source\\repos\\mem0\\mem0\\mem0-ts\\src\\oss\\src\\llms\\xai.ts": {"lines":{"total":13,"covered":13,"skipped":0,"pct":100},"functions":{"total":4,"covered":4,"skipped":0,"pct":100},"statements":{"total":13,"covered":13,"skipped":0,"pct":100},"branches":{"total":25,"covered":20,"skipped":0,"pct":80}}
,"C:\\Users\\Selet\\source\\repos\\mem0\\mem0\\mem0-ts\\src\\oss\\src\\memory\\graph_memory.ts": {"lines":{"total":153,"covered":7,"skipped":0,"pct":4.57},"functions":{"total":23,"covered":0,"skipped":0,"pct":0},"statements":{"total":159,"covered":7,"skipped":0,"pct":4.4},"branches":{"total":94,"covered":0,"skipped":0,"pct":0}}
,"C:\\Users\\Selet\\source\\repos\\mem0\\mem0\\mem0-ts\\src\\oss\\src\\memory\\index.ts": {"lines":{"total":301,"covered":225,"skipped":0,"pct":74.75},"functions":{"total":46,"covered":38,"skipped":0,"pct":82.6},"statements":{"total":324,"covered":239,"skipped":0,"pct":73.76},"branches":{"total":157,"covered":87,"skipped":0,"pct":55.41}}
,"C:\\Users\\Selet\\source\\repos\\mem0\\mem0\\mem0-ts\\src\\oss\\src\\prompts\\index.ts": {"lines":{"total":22,"covered":17,"skipped":0,"pct":77.27},"functions":{"total":6,"covered":4,"skipped":0,"pct":66.66},"statements":{"total":22,"covered":17,"skipped":0,"pct":77.27},"branches":{"total":6,"covered":4,"skipped":0,"pct":66.66}}
,"C:\\Users\\Selet\\source\\repos\\mem0\\mem0\\mem0-ts\\src\\oss\\src\\reranker\\base.ts": {"lines":{"total":2,"covered":2,"skipped":0,"pct":100},"functions":{"total":1,"covered":1,"skipped":0,"pct":100},"statements":{"total":2,"covered":2,"skipped":0,"pct":100},"branches":{"total":12,"covered":12,"skipped":0,"pct":100}}
,"C:\\Users\\Selet\\source\\repos\\mem0\\mem0\\mem0-ts\\src\\oss\\src\\reranker\\cohere.ts": {"lines":{"total":23,"covered":7,"skipped":0,"pct":30.43},"functions":{"total":3,"covered":1,"skipped":0,"pct":33.33},"statements":{"total":24,"covered":7,"skipped":0,"pct":29.16},"branches":{"total":24,"covered":3,"skipped":0,"pct":12.5}}
,"C:\\Users\\Selet\\source\\repos\\mem0\\mem0\\mem0-ts\\src\\oss\\src\\reranker\\llm.ts": {"lines":{"total":26,"covered":26,"skipped":0,"pct":100},"functions":{"total":4,"covered":4,"skipped":0,"pct":100},"statements":{"total":29,"covered":28,"skipped":0,"pct":96.55},"branches":{"total":23,"covered":18,"skipped":0,"pct":78.26}}
,"C:\\Users\\Selet\\source\\repos\\mem0\\mem0\\mem0-ts\\src\\oss\\src\\storage\\DummyHistoryManager.ts": {"lines":{"total":5,"covered":2,"skipped":0,"pct":40},"functions":{"total":5,"covered":2,"skipped":0,"pct":40},"statements":{"total":5,"covered":2,"skipped":0,"pct":40},"branches":{"total":1,"covered":0,"skipped":0,"pct":0}}
,"C:\\Users\\Selet\\source\\repos\\mem0\\mem0\\mem0-ts\\src\\oss\\src\\storage\\KuzuHistoryManager.ts": {"lines":{"total":19,"covered":15,"skipped":0,"pct":78.94},"functions":{"total":6,"covered":4,"skipped":0,"pct":66.66},"statements":{"total":19,"covered":15,"skipped":0,"pct":78.94},"branches":{"total":20,"covered":18,"skipped":0,"pct":90}}
,"C:\\Users\\Selet\\source\\repos\\mem0\\mem0\\mem0-ts\\src\\oss\\src\\storage\\MemgraphHistoryManager.ts": {"lines":{"total":17,"covered":2,"skipped":0,"pct":11.76},"functions":{"total":15,"covered":0,"skipped":0,"pct":0},"statements":{"total":21,"covered":2,"skipped":0,"pct":9.52},"branches":{"total":25,"covered":0,"skipped":0,"pct":0}}
,"C:\\Users\\Selet\\source\\repos\\mem0\\mem0\\mem0-ts\\src\\oss\\src\\storage\\MemoryHistoryManager.ts": {"lines":{"total":10,"covered":9,"skipped":0,"pct":90},"functions":{"total":7,"covered":6,"skipped":0,"pct":85.71},"statements":{"total":10,"covered":9,"skipped":0,"pct":90},"branches":{"total":5,"covered":4,"skipped":0,"pct":80}}
,"C:\\Users\\Selet\\source\\repos\\mem0\\mem0\\mem0-ts\\src\\oss\\src\\types\\index.ts": {"lines":{"total":2,"covered":2,"skipped":0,"pct":100},"functions":{"total":0,"covered":0,"skipped":0,"pct":100},"statements":{"total":2,"covered":2,"skipped":0,"pct":100},"branches":{"total":0,"covered":0,"skipped":0,"pct":100}}
,"C:\\Users\\Selet\\source\\repos\\mem0\\mem0\\mem0-ts\\src\\oss\\src\\utils\\bm25.ts": {"lines":{"total":26,"covered":1,"skipped":0,"pct":3.84},"functions":{"total":10,"covered":0,"skipped":0,"pct":0},"statements":{"total":31,"covered":1,"skipped":0,"pct":3.22},"branches":{"total":6,"covered":0,"skipped":0,"pct":0}}
,"C:\\Users\\Selet\\source\\repos\\mem0\\mem0\\mem0-ts\\src\\oss\\src\\utils\\factory.ts": {"lines":{"total":69,"covered":63,"skipped":0,"pct":91.3},"functions":{"total":5,"covered":5,"skipped":0,"pct":100},"statements":{"total":69,"covered":63,"skipped":0,"pct":91.3},"branches":{"total":36,"covered":29,"skipped":0,"pct":80.55}}
,"C:\\Users\\Selet\\source\\repos\\mem0\\mem0\\mem0-ts\\src\\oss\\src\\utils\\logger.ts": {"lines":{"total":5,"covered":2,"skipped":0,"pct":40},"functions":{"total":4,"covered":1,"skipped":0,"pct":25},"statements":{"total":5,"covered":2,"skipped":0,"pct":40},"branches":{"total":0,"covered":0,"skipped":0,"pct":100}}
,"C:\\Users\\Selet\\source\\repos\\mem0\\mem0\\mem0-ts\\src\\oss\\src\\utils\\memory.ts": {"lines":{"total":17,"covered":11,"skipped":0,"pct":64.7},"functions":{"total":2,"covered":1,"skipped":0,"pct":50},"statements":{"total":17,"covered":11,"skipped":0,"pct":64.7},"branches":{"total":7,"covered":3,"skipped":0,"pct":42.85}}
,"C:\\Users\\Selet\\source\\repos\\mem0\\mem0\\mem0-ts\\src\\oss\\src\\utils\\telemetry.ts": {"lines":{"total":23,"covered":13,"skipped":0,"pct":56.52},"functions":{"total":4,"covered":2,"skipped":0,"pct":50},"statements":{"total":25,"covered":14,"skipped":0,"pct":56},"branches":{"total":17,"covered":8,"skipped":0,"pct":47.05}}
,"C:\\Users\\Selet\\source\\repos\\mem0\\mem0\\mem0-ts\\src\\oss\\src\\vector_stores\\kuzu.ts": {"lines":{"total":63,"covered":53,"skipped":0,"pct":84.12},"functions":{"total":21,"covered":16,"skipped":0,"pct":76.19},"statements":{"total":68,"covered":57,"skipped":0,"pct":83.82},"branches":{"total":50,"covered":35,"skipped":0,"pct":70}}
,"C:\\Users\\Selet\\source\\repos\\mem0\\mem0\\mem0-ts\\src\\oss\\src\\vector_stores\\memgraph.ts": {"lines":{"total":61,"covered":2,"skipped":0,"pct":3.27},"functions":{"total":33,"covered":0,"skipped":0,"pct":0},"statements":{"total":68,"covered":2,"skipped":0,"pct":2.94},"branches":{"total":34,"covered":0,"skipped":0,"pct":0}}
,"C:\\Users\\Selet\\source\\repos\\mem0\\mem0\\mem0-ts\\src\\oss\\src\\vector_stores\\memory.ts": {"lines":{"total":41,"covered":39,"skipped":0,"pct":95.12},"functions":{"total":16,"covered":15,"skipped":0,"pct":93.75},"statements":{"total":47,"covered":45,"skipped":0,"pct":95.74},"branches":{"total":20,"covered":13,"skipped":0,"pct":65}}
}
