{"total": {"lines":{"total":990,"covered":808,"skipped":0,"pct":81.61},"statements":{"total":1079,"covered":858,"skipped":0,"pct":79.51},"functions":{"total":197,"covered":158,"skipped":0,"pct":80.2},"branches":{"total":835,"covered":476,"skipped":0,"pct":57},"branchesTrue":{"total":0,"covered":0,"skipped":0,"pct":100}}
,"C:\\Users\\Selet\\source\\repos\\mem0\\mem0\\openmemory\\ui\\app\\api\\v1\\memories\\[memoryId]\\route.ts": {"lines":{"total":28,"covered":11,"skipped":0,"pct":39.28},"functions":{"total":4,"covered":2,"skipped":0,"pct":50},"statements":{"total":30,"covered":12,"skipped":0,"pct":40},"branches":{"total":61,"covered":9,"skipped":0,"pct":14.75}}
,"C:\\Users\\Selet\\source\\repos\\mem0\\mem0\\openmemory\\ui\\app\\api\\v1\\memories\\[memoryId]\\related\\route.ts": {"lines":{"total":15,"covered":11,"skipped":0,"pct":73.33},"functions":{"total":3,"covered":2,"skipped":0,"pct":66.66},"statements":{"total":16,"covered":12,"skipped":0,"pct":75},"branches":{"total":22,"covered":11,"skipped":0,"pct":50}}
,"C:\\Users\\Selet\\source\\repos\\mem0\\mem0\\openmemory\\ui\\lib\\ai\\client.ts": {"lines":{"total":12,"covered":10,"skipped":0,"pct":83.33},"functions":{"total":2,"covered":2,"skipped":0,"pct":100},"statements":{"total":12,"covered":10,"skipped":0,"pct":83.33},"branches":{"total":12,"covered":3,"skipped":0,"pct":25}}
,"C:\\Users\\Selet\\source\\repos\\mem0\\mem0\\openmemory\\ui\\lib\\clusters\\build.ts": {"lines":{"total":24,"covered":24,"skipped":0,"pct":100},"functions":{"total":5,"covered":5,"skipped":0,"pct":100},"statements":{"total":29,"covered":29,"skipped":0,"pct":100},"branches":{"total":12,"covered":10,"skipped":0,"pct":83.33}}
,"C:\\Users\\Selet\\source\\repos\\mem0\\mem0\\openmemory\\ui\\lib\\clusters\\summarize.ts": {"lines":{"total":15,"covered":10,"skipped":0,"pct":66.66},"functions":{"total":3,"covered":3,"skipped":0,"pct":100},"statements":{"total":15,"covered":10,"skipped":0,"pct":66.66},"branches":{"total":28,"covered":6,"skipped":0,"pct":21.42}}
,"C:\\Users\\Selet\\source\\repos\\mem0\\mem0\\openmemory\\ui\\lib\\config\\helpers.ts": {"lines":{"total":36,"covered":25,"skipped":0,"pct":69.44},"functions":{"total":6,"covered":4,"skipped":0,"pct":66.66},"statements":{"total":36,"covered":25,"skipped":0,"pct":69.44},"branches":{"total":59,"covered":43,"skipped":0,"pct":72.88}}
,"C:\\Users\\Selet\\source\\repos\\mem0\\mem0\\openmemory\\ui\\lib\\db\\memgraph.ts": {"lines":{"total":67,"covered":45,"skipped":0,"pct":67.16},"functions":{"total":15,"covered":12,"skipped":0,"pct":80},"statements":{"total":71,"covered":45,"skipped":0,"pct":63.38},"branches":{"total":44,"covered":18,"skipped":0,"pct":40.9}}
,"C:\\Users\\Selet\\source\\repos\\mem0\\mem0\\openmemory\\ui\\lib\\dedup\\cache.ts": {"lines":{"total":14,"covered":12,"skipped":0,"pct":85.71},"functions":{"total":3,"covered":3,"skipped":0,"pct":100},"statements":{"total":15,"covered":12,"skipped":0,"pct":80},"branches":{"total":6,"covered":4,"skipped":0,"pct":66.66}}
,"C:\\Users\\Selet\\source\\repos\\mem0\\mem0\\openmemory\\ui\\lib\\dedup\\findNearDuplicates.ts": {"lines":{"total":10,"covered":10,"skipped":0,"pct":100},"functions":{"total":3,"covered":3,"skipped":0,"pct":100},"statements":{"total":11,"covered":11,"skipped":0,"pct":100},"branches":{"total":2,"covered":2,"skipped":0,"pct":100}}
,"C:\\Users\\Selet\\source\\repos\\mem0\\mem0\\openmemory\\ui\\lib\\dedup\\index.ts": {"lines":{"total":38,"covered":33,"skipped":0,"pct":86.84},"functions":{"total":5,"covered":5,"skipped":0,"pct":100},"statements":{"total":42,"covered":36,"skipped":0,"pct":85.71},"branches":{"total":25,"covered":15,"skipped":0,"pct":60}}
,"C:\\Users\\Selet\\source\\repos\\mem0\\mem0\\openmemory\\ui\\lib\\dedup\\verifyDuplicate.ts": {"lines":{"total":10,"covered":10,"skipped":0,"pct":100},"functions":{"total":1,"covered":1,"skipped":0,"pct":100},"statements":{"total":12,"covered":12,"skipped":0,"pct":100},"branches":{"total":22,"covered":17,"skipped":0,"pct":77.27}}
,"C:\\Users\\Selet\\source\\repos\\mem0\\mem0\\openmemory\\ui\\lib\\embeddings\\openai.ts": {"lines":{"total":21,"covered":7,"skipped":0,"pct":33.33},"functions":{"total":7,"covered":0,"skipped":0,"pct":0},"statements":{"total":24,"covered":7,"skipped":0,"pct":29.16},"branches":{"total":33,"covered":10,"skipped":0,"pct":30.3}}
,"C:\\Users\\Selet\\source\\repos\\mem0\\mem0\\openmemory\\ui\\lib\\entities\\extract.ts": {"lines":{"total":12,"covered":12,"skipped":0,"pct":100},"functions":{"total":1,"covered":1,"skipped":0,"pct":100},"statements":{"total":12,"covered":12,"skipped":0,"pct":100},"branches":{"total":22,"covered":16,"skipped":0,"pct":72.72}}
,"C:\\Users\\Selet\\source\\repos\\mem0\\mem0\\openmemory\\ui\\lib\\entities\\link.ts": {"lines":{"total":4,"covered":2,"skipped":0,"pct":50},"functions":{"total":2,"covered":0,"skipped":0,"pct":0},"statements":{"total":4,"covered":2,"skipped":0,"pct":50},"branches":{"total":2,"covered":0,"skipped":0,"pct":0}}
,"C:\\Users\\Selet\\source\\repos\\mem0\\mem0\\openmemory\\ui\\lib\\entities\\prompts.ts": {"lines":{"total":3,"covered":3,"skipped":0,"pct":100},"functions":{"total":1,"covered":1,"skipped":0,"pct":100},"statements":{"total":3,"covered":3,"skipped":0,"pct":100},"branches":{"total":4,"covered":2,"skipped":0,"pct":50}}
,"C:\\Users\\Selet\\source\\repos\\mem0\\mem0\\openmemory\\ui\\lib\\entities\\resolve.ts": {"lines":{"total":64,"covered":62,"skipped":0,"pct":96.87},"functions":{"total":8,"covered":8,"skipped":0,"pct":100},"statements":{"total":66,"covered":63,"skipped":0,"pct":95.45},"branches":{"total":72,"covered":59,"skipped":0,"pct":81.94}}
,"C:\\Users\\Selet\\source\\repos\\mem0\\mem0\\openmemory\\ui\\lib\\entities\\worker.ts": {"lines":{"total":21,"covered":21,"skipped":0,"pct":100},"functions":{"total":1,"covered":1,"skipped":0,"pct":100},"statements":{"total":25,"covered":23,"skipped":0,"pct":92},"branches":{"total":12,"covered":8,"skipped":0,"pct":66.66}}
,"C:\\Users\\Selet\\source\\repos\\mem0\\mem0\\openmemory\\ui\\lib\\mcp\\server.ts": {"lines":{"total":253,"covered":221,"skipped":0,"pct":87.35},"functions":{"total":44,"covered":40,"skipped":0,"pct":90.9},"statements":{"total":277,"covered":229,"skipped":0,"pct":82.67},"branches":{"total":156,"covered":106,"skipped":0,"pct":67.94}}
,"C:\\Users\\Selet\\source\\repos\\mem0\\mem0\\openmemory\\ui\\lib\\mem0\\semaphore.ts": {"lines":{"total":16,"covered":16,"skipped":0,"pct":100},"functions":{"total":5,"covered":5,"skipped":0,"pct":100},"statements":{"total":16,"covered":16,"skipped":0,"pct":100},"branches":{"total":3,"covered":3,"skipped":0,"pct":100}}
,"C:\\Users\\Selet\\source\\repos\\mem0\\mem0\\openmemory\\ui\\lib\\memory\\bulk.ts": {"lines":{"total":50,"covered":48,"skipped":0,"pct":96},"functions":{"total":11,"covered":10,"skipped":0,"pct":90.9},"statements":{"total":59,"covered":56,"skipped":0,"pct":94.91},"branches":{"total":25,"covered":22,"skipped":0,"pct":88}}
,"C:\\Users\\Selet\\source\\repos\\mem0\\mem0\\openmemory\\ui\\lib\\memory\\categorize.ts": {"lines":{"total":21,"covered":8,"skipped":0,"pct":38.09},"functions":{"total":2,"covered":1,"skipped":0,"pct":50},"statements":{"total":23,"covered":8,"skipped":0,"pct":34.78},"branches":{"total":26,"covered":0,"skipped":0,"pct":0}}
,"C:\\Users\\Selet\\source\\repos\\mem0\\mem0\\openmemory\\ui\\lib\\memory\\context.ts": {"lines":{"total":10,"covered":10,"skipped":0,"pct":100},"functions":{"total":5,"covered":5,"skipped":0,"pct":100},"statements":{"total":12,"covered":12,"skipped":0,"pct":100},"branches":{"total":2,"covered":1,"skipped":0,"pct":50}}
,"C:\\Users\\Selet\\source\\repos\\mem0\\mem0\\openmemory\\ui\\lib\\memory\\search.ts": {"lines":{"total":29,"covered":29,"skipped":0,"pct":100},"functions":{"total":3,"covered":3,"skipped":0,"pct":100},"statements":{"total":32,"covered":29,"skipped":0,"pct":90.62},"branches":{"total":33,"covered":22,"skipped":0,"pct":66.66}}
,"C:\\Users\\Selet\\source\\repos\\mem0\\mem0\\openmemory\\ui\\lib\\memory\\write.ts": {"lines":{"total":64,"covered":49,"skipped":0,"pct":76.56},"functions":{"total":10,"covered":4,"skipped":0,"pct":40},"statements":{"total":66,"covered":49,"skipped":0,"pct":74.24},"branches":{"total":28,"covered":7,"skipped":0,"pct":25}}
,"C:\\Users\\Selet\\source\\repos\\mem0\\mem0\\openmemory\\ui\\lib\\search\\hybrid.ts": {"lines":{"total":34,"covered":27,"skipped":0,"pct":79.41},"functions":{"total":10,"covered":7,"skipped":0,"pct":70},"statements":{"total":38,"covered":30,"skipped":0,"pct":78.94},"branches":{"total":39,"covered":23,"skipped":0,"pct":58.97}}
,"C:\\Users\\Selet\\source\\repos\\mem0\\mem0\\openmemory\\ui\\lib\\search\\mmr.ts": {"lines":{"total":26,"covered":25,"skipped":0,"pct":96.15},"functions":{"total":9,"covered":9,"skipped":0,"pct":100},"statements":{"total":33,"covered":32,"skipped":0,"pct":96.96},"branches":{"total":17,"covered":13,"skipped":0,"pct":76.47}}
,"C:\\Users\\Selet\\source\\repos\\mem0\\mem0\\openmemory\\ui\\lib\\search\\rerank.ts": {"lines":{"total":18,"covered":18,"skipped":0,"pct":100},"functions":{"total":6,"covered":6,"skipped":0,"pct":100},"statements":{"total":19,"covered":19,"skipped":0,"pct":100},"branches":{"total":24,"covered":18,"skipped":0,"pct":75}}
,"C:\\Users\\Selet\\source\\repos\\mem0\\mem0\\openmemory\\ui\\lib\\search\\rrf.ts": {"lines":{"total":16,"covered":16,"skipped":0,"pct":100},"functions":{"total":3,"covered":3,"skipped":0,"pct":100},"statements":{"total":16,"covered":16,"skipped":0,"pct":100},"branches":{"total":9,"covered":7,"skipped":0,"pct":77.77}}
,"C:\\Users\\Selet\\source\\repos\\mem0\\mem0\\openmemory\\ui\\lib\\search\\text.ts": {"lines":{"total":5,"covered":5,"skipped":0,"pct":100},"functions":{"total":3,"covered":3,"skipped":0,"pct":100},"statements":{"total":6,"covered":6,"skipped":0,"pct":100},"branches":{"total":1,"covered":1,"skipped":0,"pct":100}}
,"C:\\Users\\Selet\\source\\repos\\mem0\\mem0\\openmemory\\ui\\middleware\\userValidation.ts": {"lines":{"total":6,"covered":6,"skipped":0,"pct":100},"functions":{"total":1,"covered":1,"skipped":0,"pct":100},"statements":{"total":6,"covered":6,"skipped":0,"pct":100},"branches":{"total":11,"covered":11,"skipped":0,"pct":100}}
,"C:\\Users\\Selet\\source\\repos\\mem0\\mem0\\openmemory\\ui\\tests\\e2e\\helpers.ts": {"lines":{"total":48,"covered":22,"skipped":0,"pct":45.83},"functions":{"total":15,"covered":8,"skipped":0,"pct":53.33},"statements":{"total":53,"covered":26,"skipped":0,"pct":49.05},"branches":{"total":23,"covered":9,"skipped":0,"pct":39.13}}
}
